Unity Editor version:    2020.3.32f1 (12f8b0834f07)
Branch:                  2020.3/staging
Build type:              Release
Batch mode:              YES
macOS version:           Version 12.3.1 (Build 21E258)
Darwin version:          21.4.0
Architecture:            x86_64
Running under Rosetta:   NO
Available memory:        8192 MB
Using pre-set license
Pro License: NO

COMMAND LINE ARGUMENTS:
/Applications/Unity/Hub/Editor/2020.3.32f1/Unity.app/Contents/MacOS/Unity
-adb2
-batchMode
-noUpm
-name
AssetImportWorker0
-projectPath
/Volumes/Macintosh HD - Data/Unity/RobotGame2D
-logFile
Logs/AssetImportWorker0.log
-srvPort
49511
Successfully changed project path to: /Volumes/Macintosh HD - Data/Unity/RobotGame2D
/Volumes/Macintosh HD - Data/Unity/RobotGame2D
Using Asset Import Pipeline V2.
Refreshing native plugins compatible for Editor in 79.10 ms, found 3 plugins.
Preloading 0 native plugins for Editor in 0.00 ms.
Initialize engine version: 2020.3.32f1 (12f8b0834f07)
[Subsystems] Discovering subsystems at path /Applications/Unity/Hub/Editor/2020.3.32f1/Unity.app/Contents/Resources/UnitySubsystems
[Subsystems] Discovering subsystems at path /Volumes/Macintosh HD - Data/Unity/RobotGame2D/Assets
GfxDevice: creating device client; threaded=0
2022-05-04 10:41:55.695 Unity[2055:23896] Color LCD preferred device: Intel(R) Iris(TM) Plus Graphics 640 (low power)
2022-05-04 10:41:55.695 Unity[2055:23896] Metal devices available: 1
2022-05-04 10:41:55.696 Unity[2055:23896] 0: Intel(R) Iris(TM) Plus Graphics 640 (low power)
2022-05-04 10:41:55.696 Unity[2055:23896] Using device Intel(R) Iris(TM) Plus Graphics 640 (low power)
Initializing Metal device caps: Intel(R) Iris(TM) Plus Graphics 640
Initialize mono
Mono path[0] = '/Applications/Unity/Hub/Editor/2020.3.32f1/Unity.app/Contents/Managed'
Mono path[1] = '/Applications/Unity/Hub/Editor/2020.3.32f1/Unity.app/Contents/MonoBleedingEdge/lib/mono/unityjit'
Mono config path = '/Applications/Unity/Hub/Editor/2020.3.32f1/Unity.app/Contents/MonoBleedingEdge/etc'
Using monoOptions --debugger-agent=transport=dt_socket,embedding=1,server=y,suspend=n,address=127.0.0.1:56055
Begin MonoManager ReloadAssembly
Registering precompiled unity dll's ...
Register platform support module: /Applications/Unity/Hub/Editor/2020.3.32f1/Unity.app/Contents/PlaybackEngines/MacStandaloneSupport/UnityEditor.OSXStandalone.Extensions.dll
Registered in 0.000595 seconds.
Native extension for OSXStandalone target not found
Refreshing native plugins compatible for Editor in 56.79 ms, found 3 plugins.
Preloading 0 native plugins for Editor in 0.00 ms.
Mono: successfully reloaded assembly
- Completed reload, in  0.853 seconds
Domain Reload Profiling:
	ReloadAssembly (853ms)
		BeginReloadAssembly (65ms)
			ExecutionOrderSort (0ms)
			DisableScriptedObjects (0ms)
			BackupInstance (0ms)
			ReleaseScriptingObjects (0ms)
			CreateAndSetChildDomain (1ms)
		EndReloadAssembly (684ms)
			LoadAssemblies (64ms)
			RebuildTransferFunctionScriptingTraits (0ms)
			SetupTypeCache (252ms)
			ReleaseScriptCaches (0ms)
			RebuildScriptCaches (49ms)
			SetupLoadedEditorAssemblies (265ms)
				LogAssemblyErrors (0ms)
				InitializePlatformSupportModulesInManaged (4ms)
				SetLoadedEditorAssemblies (0ms)
				RefreshPlugins (57ms)
				BeforeProcessingInitializeOnLoad (10ms)
				ProcessInitializeOnLoadAttributes (146ms)
				ProcessInitializeOnLoadMethodAttributes (46ms)
				AfterProcessingInitializeOnLoad (0ms)
				EditorAssembliesLoaded (0ms)
			ExecutionOrderSort2 (0ms)
			AwakeInstancesAfterBackupRestoration (0ms)
Platform modules already initialized, skipping
Registering precompiled user dll's ...
Registered in 0.002045 seconds.
Begin MonoManager ReloadAssembly
Native extension for OSXStandalone target not found
Refreshing native plugins compatible for Editor in 51.76 ms, found 3 plugins.
Preloading 0 native plugins for Editor in 0.00 ms.
Mono: successfully reloaded assembly
- Completed reload, in  1.329 seconds
Domain Reload Profiling:
	ReloadAssembly (1330ms)
		BeginReloadAssembly (195ms)
			ExecutionOrderSort (0ms)
			DisableScriptedObjects (6ms)
			BackupInstance (0ms)
			ReleaseScriptingObjects (0ms)
			CreateAndSetChildDomain (32ms)
		EndReloadAssembly (1061ms)
			LoadAssemblies (90ms)
			RebuildTransferFunctionScriptingTraits (0ms)
			SetupTypeCache (375ms)
			ReleaseScriptCaches (0ms)
			RebuildScriptCaches (67ms)
			SetupLoadedEditorAssemblies (389ms)
				LogAssemblyErrors (0ms)
				InitializePlatformSupportModulesInManaged (4ms)
				SetLoadedEditorAssemblies (0ms)
				RefreshPlugins (52ms)
				BeforeProcessingInitializeOnLoad (71ms)
				ProcessInitializeOnLoadAttributes (241ms)
				ProcessInitializeOnLoadMethodAttributes (19ms)
				AfterProcessingInitializeOnLoad (1ms)
				EditorAssembliesLoaded (0ms)
			ExecutionOrderSort2 (0ms)
			AwakeInstancesAfterBackupRestoration (7ms)
Platform modules already initialized, skipping
Validating Project structure ... 0.003224 seconds.
Shader import version has changed; will reimport all shaders...
Upgrading shader files ...0.014431 seconds.
Application.AssetDatabase Initial Script Refresh Start
RefreshInfo: InitialScriptRefreshV2(NoUpdateAssetOptions) scanfilter:  ... 1 filters
RefreshProfiler: Total: 0.000ms
Application.AssetDatabase Initial Script Refresh End
Application.AssetDatabase.Refresh Start
Application.AssetDatabase.Refresh End
RefreshInfo: StopAssetImportingV2(ForceSynchronousImport) scanfilter: 
RefreshProfiler: Total: 0.000ms
Launching external process: /Applications/Unity/Hub/Editor/2020.3.32f1/Unity.app/Contents/Tools/UnityShaderCompiler
Launched and connected shader compiler UnityShaderCompiler after 0.01 seconds
Initializing Unity extensions:
[C# Project] Writing /Volumes/Macintosh HD - Data/Unity/RobotGame2D/RobotGame2D.sln because it has changed
[C# Project] First difference on line 4

[C# Project] Current /Volumes/Macintosh HD - Data/Unity/RobotGame2D/RobotGame2D.sln:
[C# Project]   004: Project("{FAE04EC0-301F-11D3-BF4B-00C04F79EFBC}") = "Assembly-CSharp", "Assembly-CSharp.csproj", "{74B31B31-65A4-073E-85FF-6CBFD8D2BDFF}"
[C# Project]   005: EndProject
[C# Project]   006: Global
[C# Project]   007: 	GlobalSection(SolutionConfigurationPlatforms) = preSolution
[C# Project]   008: 		Debug|Any CPU = Debug|Any CPU

[C# Project] New /Volumes/Macintosh HD - Data/Unity/RobotGame2D/RobotGame2D.sln:
[C# Project]   004: Project("{FAE04EC0-301F-11D3-BF4B-00C04F79EFBC}") = "Unity.2D.PixelPerfect.Tests", "Unity.2D.PixelPerfect.Tests.csproj", "{2C7B6248-25C2-289F-C009-F757216F4484}"
[C# Project]   005: EndProject
[C# Project]   006: Project("{FAE04EC0-301F-11D3-BF4B-00C04F79EFBC}") = "UnityEngine.TestRunner", "UnityEngine.TestRunner.csproj", "{650030A9-43AF-8393-1873-048CB677D6F5}"
[C# Project]   007: EndProject
[C# Project]   008: Project("{FAE04EC0-301F-11D3-BF4B-00C04F79EFBC}") = "Unity.Mathematics", "Unity.Mathematics.csproj", "{DF6B6B67-3433-2630-A286-627FBF490B11}"
[C# Project] Writing /Volumes/Macintosh HD - Data/Unity/RobotGame2D/UnityEngine.TestRunner.csproj because it has changed
[C# Project] First difference on line 5

[C# Project] Current /Volumes/Macintosh HD - Data/Unity/RobotGame2D/UnityEngine.TestRunner.csproj:
[C# Project]   005:     <CscToolPath>C:\Program Files\Unity\Hub\Editor\2020.3.29f1\Editor\Data\Tools\RoslynScripts</CscToolPath>
[C# Project]   006:     <CscToolExe>unity_csc.bat</CscToolExe>
[C# Project]   007:   </PropertyGroup>
[C# Project]   008:   <PropertyGroup>
[C# Project]   009:     <Configuration Condition=" '$(Configuration)' == '' ">Debug</Configuration>

[C# Project] New /Volumes/Macintosh HD - Data/Unity/RobotGame2D/UnityEngine.TestRunner.csproj:
[C# Project]   005:     <CscToolPath>/Applications/Unity/Hub/Editor/2020.3.32f1/Unity.app/Contents/Tools/RoslynScripts</CscToolPath>
[C# Project]   006:     <CscToolExe>unity_csc.sh</CscToolExe>
[C# Project]   007:   </PropertyGroup>
[C# Project]   008:   <PropertyGroup>
[C# Project]   009:     <Configuration Condition=" '$(Configuration)' == '' ">Debug</Configuration>
[C# Project] Writing /Volumes/Macintosh HD - Data/Unity/RobotGame2D/Unity.Mathematics.csproj because it has changed
[C# Project] First difference on line 5

[C# Project] Current /Volumes/Macintosh HD - Data/Unity/RobotGame2D/Unity.Mathematics.csproj:
[C# Project]   005:     <CscToolPath>C:\Program Files\Unity\Hub\Editor\2020.3.29f1\Editor\Data\Tools\RoslynScripts</CscToolPath>
[C# Project]   006:     <CscToolExe>unity_csc.bat</CscToolExe>
[C# Project]   007:   </PropertyGroup>
[C# Project]   008:   <PropertyGroup>
[C# Project]   009:     <Configuration Condition=" '$(Configuration)' == '' ">Debug</Configuration>

[C# Project] New /Volumes/Macintosh HD - Data/Unity/RobotGame2D/Unity.Mathematics.csproj:
[C# Project]   005:     <CscToolPath>/Applications/Unity/Hub/Editor/2020.3.32f1/Unity.app/Contents/Tools/RoslynScripts</CscToolPath>
[C# Project]   006:     <CscToolExe>unity_csc.sh</CscToolExe>
[C# Project]   007:   </PropertyGroup>
[C# Project]   008:   <PropertyGroup>
[C# Project]   009:     <Configuration Condition=" '$(Configuration)' == '' ">Debug</Configuration>
[C# Project] Writing /Volumes/Macintosh HD - Data/Unity/RobotGame2D/Unity.2D.Animation.Triangle.Runtime.csproj because it has changed
[C# Project] First difference on line 5

[C# Project] Current /Volumes/Macintosh HD - Data/Unity/RobotGame2D/Unity.2D.Animation.Triangle.Runtime.csproj:
[C# Project]   005:     <CscToolPath>C:\Program Files\Unity\Hub\Editor\2020.3.29f1\Editor\Data\Tools\RoslynScripts</CscToolPath>
[C# Project]   006:     <CscToolExe>unity_csc.bat</CscToolExe>
[C# Project]   007:   </PropertyGroup>
[C# Project]   008:   <PropertyGroup>
[C# Project]   009:     <Configuration Condition=" '$(Configuration)' == '' ">Debug</Configuration>

[C# Project] New /Volumes/Macintosh HD - Data/Unity/RobotGame2D/Unity.2D.Animation.Triangle.Runtime.csproj:
[C# Project]   005:     <CscToolPath>/Applications/Unity/Hub/Editor/2020.3.32f1/Unity.app/Contents/Tools/RoslynScripts</CscToolPath>
[C# Project]   006:     <CscToolExe>unity_csc.sh</CscToolExe>
[C# Project]   007:   </PropertyGroup>
[C# Project]   008:   <PropertyGroup>
[C# Project]   009:     <Configuration Condition=" '$(Configuration)' == '' ">Debug</Configuration>
[C# Project] Writing /Volumes/Macintosh HD - Data/Unity/RobotGame2D/Unity.Timeline.csproj because it has changed
[C# Project] First difference on line 5

[C# Project] Current /Volumes/Macintosh HD - Data/Unity/RobotGame2D/Unity.Timeline.csproj:
[C# Project]   005:     <CscToolPath>C:\Program Files\Unity\Hub\Editor\2020.3.29f1\Editor\Data\Tools\RoslynScripts</CscToolPath>
[C# Project]   006:     <CscToolExe>unity_csc.bat</CscToolExe>
[C# Project]   007:   </PropertyGroup>
[C# Project]   008:   <PropertyGroup>
[C# Project]   009:     <Configuration Condition=" '$(Configuration)' == '' ">Debug</Configuration>

[C# Project] New /Volumes/Macintosh HD - Data/Unity/RobotGame2D/Unity.Timeline.csproj:
[C# Project]   005:     <CscToolPath>/Applications/Unity/Hub/Editor/2020.3.32f1/Unity.app/Contents/Tools/RoslynScripts</CscToolPath>
[C# Project]   006:     <CscToolExe>unity_csc.sh</CscToolExe>
[C# Project]   007:   </PropertyGroup>
[C# Project]   008:   <PropertyGroup>
[C# Project]   009:     <Configuration Condition=" '$(Configuration)' == '' ">Debug</Configuration>
[C# Project] Writing /Volumes/Macintosh HD - Data/Unity/RobotGame2D/UnityEngine.UI.csproj because it has changed
[C# Project] First difference on line 5

[C# Project] Current /Volumes/Macintosh HD - Data/Unity/RobotGame2D/UnityEngine.UI.csproj:
[C# Project]   005:     <CscToolPath>C:\Program Files\Unity\Hub\Editor\2020.3.29f1\Editor\Data\Tools\RoslynScripts</CscToolPath>
[C# Project]   006:     <CscToolExe>unity_csc.bat</CscToolExe>
[C# Project]   007:   </PropertyGroup>
[C# Project]   008:   <PropertyGroup>
[C# Project]   009:     <Configuration Condition=" '$(Configuration)' == '' ">Debug</Configuration>

[C# Project] New /Volumes/Macintosh HD - Data/Unity/RobotGame2D/UnityEngine.UI.csproj:
[C# Project]   005:     <CscToolPath>/Applications/Unity/Hub/Editor/2020.3.32f1/Unity.app/Contents/Tools/RoslynScripts</CscToolPath>
[C# Project]   006:     <CscToolExe>unity_csc.sh</CscToolExe>
[C# Project]   007:   </PropertyGroup>
[C# Project]   008:   <PropertyGroup>
[C# Project]   009:     <Configuration Condition=" '$(Configuration)' == '' ">Debug</Configuration>
[C# Project] Writing /Volumes/Macintosh HD - Data/Unity/RobotGame2D/Assembly-CSharp.csproj because it has changed
[C# Project] First difference on line 27

[C# Project] Current /Volumes/Macintosh HD - Data/Unity/RobotGame2D/Assembly-CSharp.csproj:
[C# Project]   027:     <DefineConstants>DEBUG;TRACE;UNITY_2020_3_32;UNITY_2020_3;UNITY_2020;UNITY_5_3_OR_NEWER;UNITY_5_4_OR_NEWER;UNITY_5_5_OR_NEWER;UNITY_5_6_OR_NEWER;UNITY_2017_1_OR_NEWER;UNITY_2017_2_OR_NEWER;UNITY_2017_3_OR_NEWER;UNITY_2017_4_OR_NEWER;UNITY_2018_1_OR_NEWER;UNITY_2018_2_OR_NEWER;UNITY_2018_3_OR_NEWER;UNITY_2018_4_OR_NEWER;UNITY_2019_1_OR_NEWER;UNITY_2019_2_OR_NEWER;UNITY_2019_3_OR_NEWER;UNITY_2019_4_OR_NEWER;UNITY_2020_1_OR_NEWER;UNITY_2020_2_OR_NEWER;UNITY_2020_3_OR_NEWER;UNITY_INCLUDE_TESTS;USE_SEARCH_ENGINE_API;SCENE_TEMPLATE_MODULE;ENABLE_AR;ENABLE_AUDIO;ENABLE_CACHING;ENABLE_CLOTH;ENABLE_EVENT_QUEUE;ENABLE_MICROPHONE;ENABLE_MULTIPLE_DISPLAYS;ENABLE_PHYSICS;ENABLE_TEXTURE_STREAMING;ENABLE_UNET;ENABLE_LZMA;ENABLE_UNITYEVENTS;ENABLE_VR;ENABLE_WEBCAM;ENABLE_UNITYWEBREQUEST;ENABLE_WWW;ENABLE_CLOUD_SERVICES;ENABLE_CLOUD_SERVICES_COLLAB;ENABLE_CLOUD_SERVICES_COLLAB_SOFTLOCKS;ENABLE_CLOUD_SERVICES_ADS;ENABLE_CLOUD_SERVICES_USE_WEBREQUEST;ENABLE_CLOUD_SERVICES_CRASH_REPORTING;ENABLE_CLOUD_SERVICES_NATIVE_CRASH_REPORTING;ENABLE_CLOUD_SERVICES_PURCHASING;ENABLE_CLOUD_SERVICES_ANALYTICS;ENABLE_CLOUD_SERVICES_UNET;ENABLE_CLOUD_SERVICES_BUILD;ENABLE_CLOUD_LICENSE;ENABLE_EDITOR_HUB_LICENSE;ENABLE_WEBSOCKET_CLIENT;ENABLE_DIRECTOR_AUDIO;ENABLE_DIRECTOR_TEXTURE;ENABLE_MANAGED_JOBS;ENABLE_MANAGED_TRANSFORM_JOBS;ENABLE_MANAGED_ANIMATION_JOBS;ENABLE_MANAGED_AUDIO_JOBS;ENABLE_RUNTIME_PERMISSIONS;ENABLE_ENGINE_CODE_STRIPPING;ENABLE_ONSCREEN_KEYBOARD;ENABLE_MANAGED_UNITYTLS;INCLUDE_DYNAMIC_GI;ENABLE_MONO_BDWGC;ENABLE_SCRIPTING_GC_WBARRIERS;PLATFORM_SUPPORTS_MONO;ENABLE_VIDEO;PLATFORM_ANDROID;UNITY_ANDROID;UNITY_ANDROID_API;ENABLE_EGL;ENABLE_NETWORK;ENABLE_RUNTIME_GI;ENABLE_CRUNCH_TEXTURE_COMPRESSION;UNITY_CAN_SHOW_SPLASH_SCREEN;UNITY_HAS_GOOGLEVR;UNITY_HAS_TANGO;ENABLE_SPATIALTRACKING;PLATFORM_EXTENDS_VULKAN_DEVICE;PLATFORM_HAS_MULTIPLE_SWAPCHAINS;UNITY_ANDROID_SUPPORTS_SHADOWFILES;ENABLE_UNITYADS_RUNTIME;UNITY_UNITYADS_API;ENABLE_MONO;NET_STANDARD_2_0;ENABLE_PROFILER;UNITY_ASSERTIONS;UNITY_EDITOR;UNITY_EDITOR_64;UNITY_EDITOR_OSX;ENABLE_UNITY_COLLECTIONS_CHECKS;ENABLE_BURST_AOT;UNITY_TEAM_LICENSE;ENABLE_CUSTOM_RENDER_TEXTURE;ENABLE_DIRECTOR;ENABLE_LOCALIZATION;ENABLE_SPRITES;ENABLE_TERRAIN;ENABLE_TILEMAP;ENABLE_TIMELINE;ENABLE_LEGACY_INPUT_MANAGER;CSHARP_7_OR_LATER;CSHARP_7_3_OR_NEWER</DefineConstants>
[C# Project]   028:     <ErrorReport>prompt</ErrorReport>
[C# Project]   029:     <WarningLevel>4</WarningLevel>
[C# Project]   030:     <NoWarn>0169</NoWarn>
[C# Project]   031:     <AllowUnsafeBlocks>False</AllowUnsafeBlocks>

[C# Project] New /Volumes/Macintosh HD - Data/Unity/RobotGame2D/Assembly-CSharp.csproj:
[C# Project]   027:     <DefineConstants>DEBUG;TRACE;UNITY_2020_3_32;UNITY_2020_3;UNITY_2020;UNITY_5_3_OR_NEWER;UNITY_5_4_OR_NEWER;UNITY_5_5_OR_NEWER;UNITY_5_6_OR_NEWER;UNITY_2017_1_OR_NEWER;UNITY_2017_2_OR_NEWER;UNITY_2017_3_OR_NEWER;UNITY_2017_4_OR_NEWER;UNITY_2018_1_OR_NEWER;UNITY_2018_2_OR_NEWER;UNITY_2018_3_OR_NEWER;UNITY_2018_4_OR_NEWER;UNITY_2019_1_OR_NEWER;UNITY_2019_2_OR_NEWER;UNITY_2019_3_OR_NEWER;UNITY_2019_4_OR_NEWER;UNITY_2020_1_OR_NEWER;UNITY_2020_2_OR_NEWER;UNITY_2020_3_OR_NEWER;PLATFORM_ARCH_64;UNITY_64;UNITY_INCLUDE_TESTS;USE_SEARCH_ENGINE_API;SCENE_TEMPLATE_MODULE;ENABLE_AR;ENABLE_AUDIO;ENABLE_CACHING;ENABLE_CLOTH;ENABLE_MICROPHONE;ENABLE_MULTIPLE_DISPLAYS;ENABLE_PHYSICS;ENABLE_TEXTURE_STREAMING;ENABLE_VIRTUALTEXTURING;ENABLE_UNET;ENABLE_LZMA;ENABLE_UNITYEVENTS;ENABLE_VR;ENABLE_WEBCAM;ENABLE_UNITYWEBREQUEST;ENABLE_WWW;ENABLE_CLOUD_SERVICES;ENABLE_CLOUD_SERVICES_COLLAB;ENABLE_CLOUD_SERVICES_COLLAB_SOFTLOCKS;ENABLE_CLOUD_SERVICES_ADS;ENABLE_CLOUD_SERVICES_USE_WEBREQUEST;ENABLE_CLOUD_SERVICES_CRASH_REPORTING;ENABLE_CLOUD_SERVICES_NATIVE_CRASH_REPORTING;ENABLE_CLOUD_SERVICES_PURCHASING;ENABLE_CLOUD_SERVICES_ANALYTICS;ENABLE_CLOUD_SERVICES_UNET;ENABLE_CLOUD_SERVICES_BUILD;ENABLE_CLOUD_LICENSE;ENABLE_EDITOR_HUB_LICENSE;ENABLE_WEBSOCKET_CLIENT;ENABLE_DIRECTOR_AUDIO;ENABLE_DIRECTOR_TEXTURE;ENABLE_MANAGED_JOBS;ENABLE_MANAGED_TRANSFORM_JOBS;ENABLE_MANAGED_ANIMATION_JOBS;ENABLE_MANAGED_AUDIO_JOBS;ENABLE_MANAGED_UNITYTLS;INCLUDE_DYNAMIC_GI;ENABLE_MONO_BDWGC;ENABLE_SCRIPTING_GC_WBARRIERS;PLATFORM_SUPPORTS_MONO;RENDER_SOFTWARE_CURSOR;ENABLE_VIDEO;PLATFORM_STANDALONE;PLATFORM_STANDALONE_OSX;UNITY_STANDALONE_OSX;UNITY_STANDALONE;ENABLE_GAMECENTER;ENABLE_RUNTIME_GI;ENABLE_MOVIES;ENABLE_NETWORK;ENABLE_CRUNCH_TEXTURE_COMPRESSION;ENABLE_CLUSTER_SYNC;ENABLE_CLUSTERINPUT;ENABLE_SPATIALTRACKING;PLATFORM_UPDATES_TIME_OUTSIDE_OF_PLAYER_LOOP;ENABLE_WEBSOCKET_HOST;ENABLE_MONO;NET_STANDARD_2_0;ENABLE_PROFILER;UNITY_ASSERTIONS;UNITY_EDITOR;UNITY_EDITOR_64;UNITY_EDITOR_OSX;ENABLE_UNITY_COLLECTIONS_CHECKS;ENABLE_BURST_AOT;UNITY_TEAM_LICENSE;ENABLE_CUSTOM_RENDER_TEXTURE;ENABLE_DIRECTOR;ENABLE_LOCALIZATION;ENABLE_SPRITES;ENABLE_TERRAIN;ENABLE_TILEMAP;ENABLE_TIMELINE;ENABLE_LEGACY_INPUT_MANAGER;CSHARP_7_OR_LATER;CSHARP_7_3_OR_NEWER</DefineConstants>
[C# Project]   028:     <ErrorReport>prompt</ErrorReport>
[C# Project]   029:     <WarningLevel>4</WarningLevel>
[C# Project]   030:     <NoWarn>0169</NoWarn>
[C# Project]   031:     <AllowUnsafeBlocks>False</AllowUnsafeBlocks>
[C# Project] Writing /Volumes/Macintosh HD - Data/Unity/RobotGame2D/Unity.TextMeshPro.csproj because it has changed
[C# Project] First difference on line 5

[C# Project] Current /Volumes/Macintosh HD - Data/Unity/RobotGame2D/Unity.TextMeshPro.csproj:
[C# Project]   005:     <CscToolPath>C:\Program Files\Unity\Hub\Editor\2020.3.29f1\Editor\Data\Tools\RoslynScripts</CscToolPath>
[C# Project]   006:     <CscToolExe>unity_csc.bat</CscToolExe>
[C# Project]   007:   </PropertyGroup>
[C# Project]   008:   <PropertyGroup>
[C# Project]   009:     <Configuration Condition=" '$(Configuration)' == '' ">Debug</Configuration>

[C# Project] New /Volumes/Macintosh HD - Data/Unity/RobotGame2D/Unity.TextMeshPro.csproj:
[C# Project]   005:     <CscToolPath>/Applications/Unity/Hub/Editor/2020.3.32f1/Unity.app/Contents/Tools/RoslynScripts</CscToolPath>
[C# Project]   006:     <CscToolExe>unity_csc.sh</CscToolExe>
[C# Project]   007:   </PropertyGroup>
[C# Project]   008:   <PropertyGroup>
[C# Project]   009:     <Configuration Condition=" '$(Configuration)' == '' ">Debug</Configuration>
[C# Project] Writing /Volumes/Macintosh HD - Data/Unity/RobotGame2D/Unity.2D.Animation.Runtime.csproj because it has changed
[C# Project] First difference on line 5

[C# Project] Current /Volumes/Macintosh HD - Data/Unity/RobotGame2D/Unity.2D.Animation.Runtime.csproj:
[C# Project]   005:     <CscToolPath>C:\Program Files\Unity\Hub\Editor\2020.3.29f1\Editor\Data\Tools\RoslynScripts</CscToolPath>
[C# Project]   006:     <CscToolExe>unity_csc.bat</CscToolExe>
[C# Project]   007:   </PropertyGroup>
[C# Project]   008:   <PropertyGroup>
[C# Project]   009:     <Configuration Condition=" '$(Configuration)' == '' ">Debug</Configuration>

[C# Project] New /Volumes/Macintosh HD - Data/Unity/RobotGame2D/Unity.2D.Animation.Runtime.csproj:
[C# Project]   005:     <CscToolPath>/Applications/Unity/Hub/Editor/2020.3.32f1/Unity.app/Contents/Tools/RoslynScripts</CscToolPath>
[C# Project]   006:     <CscToolExe>unity_csc.sh</CscToolExe>
[C# Project]   007:   </PropertyGroup>
[C# Project]   008:   <PropertyGroup>
[C# Project]   009:     <Configuration Condition=" '$(Configuration)' == '' ">Debug</Configuration>
[C# Project] Writing /Volumes/Macintosh HD - Data/Unity/RobotGame2D/Unity.2D.IK.Runtime.csproj because it has changed
[C# Project] First difference on line 5

[C# Project] Current /Volumes/Macintosh HD - Data/Unity/RobotGame2D/Unity.2D.IK.Runtime.csproj:
[C# Project]   005:     <CscToolPath>C:\Program Files\Unity\Hub\Editor\2020.3.29f1\Editor\Data\Tools\RoslynScripts</CscToolPath>
[C# Project]   006:     <CscToolExe>unity_csc.bat</CscToolExe>
[C# Project]   007:   </PropertyGroup>
[C# Project]   008:   <PropertyGroup>
[C# Project]   009:     <Configuration Condition=" '$(Configuration)' == '' ">Debug</Configuration>

[C# Project] New /Volumes/Macintosh HD - Data/Unity/RobotGame2D/Unity.2D.IK.Runtime.csproj:
[C# Project]   005:     <CscToolPath>/Applications/Unity/Hub/Editor/2020.3.32f1/Unity.app/Contents/Tools/RoslynScripts</CscToolPath>
[C# Project]   006:     <CscToolExe>unity_csc.sh</CscToolExe>
[C# Project]   007:   </PropertyGroup>
[C# Project]   008:   <PropertyGroup>
[C# Project]   009:     <Configuration Condition=" '$(Configuration)' == '' ">Debug</Configuration>
[C# Project] Writing /Volumes/Macintosh HD - Data/Unity/RobotGame2D/Unity.2D.SpriteShape.Runtime.csproj because it has changed
[C# Project] First difference on line 5

[C# Project] Current /Volumes/Macintosh HD - Data/Unity/RobotGame2D/Unity.2D.SpriteShape.Runtime.csproj:
[C# Project]   005:     <CscToolPath>C:\Program Files\Unity\Hub\Editor\2020.3.29f1\Editor\Data\Tools\RoslynScripts</CscToolPath>
[C# Project]   006:     <CscToolExe>unity_csc.bat</CscToolExe>
[C# Project]   007:   </PropertyGroup>
[C# Project]   008:   <PropertyGroup>
[C# Project]   009:     <Configuration Condition=" '$(Configuration)' == '' ">Debug</Configuration>

[C# Project] New /Volumes/Macintosh HD - Data/Unity/RobotGame2D/Unity.2D.SpriteShape.Runtime.csproj:
[C# Project]   005:     <CscToolPath>/Applications/Unity/Hub/Editor/2020.3.32f1/Unity.app/Contents/Tools/RoslynScripts</CscToolPath>
[C# Project]   006:     <CscToolExe>unity_csc.sh</CscToolExe>
[C# Project]   007:   </PropertyGroup>
[C# Project]   008:   <PropertyGroup>
[C# Project]   009:     <Configuration Condition=" '$(Configuration)' == '' ">Debug</Configuration>
[C# Project] Writing /Volumes/Macintosh HD - Data/Unity/RobotGame2D/Unity.2D.PixelPerfect.csproj because it has changed
[C# Project] First difference on line 5

[C# Project] Current /Volumes/Macintosh HD - Data/Unity/RobotGame2D/Unity.2D.PixelPerfect.csproj:
[C# Project]   005:     <CscToolPath>C:\Program Files\Unity\Hub\Editor\2020.3.29f1\Editor\Data\Tools\RoslynScripts</CscToolPath>
[C# Project]   006:     <CscToolExe>unity_csc.bat</CscToolExe>
[C# Project]   007:   </PropertyGroup>
[C# Project]   008:   <PropertyGroup>
[C# Project]   009:     <Configuration Condition=" '$(Configuration)' == '' ">Debug</Configuration>

[C# Project] New /Volumes/Macintosh HD - Data/Unity/RobotGame2D/Unity.2D.PixelPerfect.csproj:
[C# Project]   005:     <CscToolPath>/Applications/Unity/Hub/Editor/2020.3.32f1/Unity.app/Contents/Tools/RoslynScripts</CscToolPath>
[C# Project]   006:     <CscToolExe>unity_csc.sh</CscToolExe>
[C# Project]   007:   </PropertyGroup>
[C# Project]   008:   <PropertyGroup>
[C# Project]   009:     <Configuration Condition=" '$(Configuration)' == '' ">Debug</Configuration>
[C# Project] Writing /Volumes/Macintosh HD - Data/Unity/RobotGame2D/Unity.2D.Common.Runtime.csproj because it has changed
[C# Project] First difference on line 5

[C# Project] Current /Volumes/Macintosh HD - Data/Unity/RobotGame2D/Unity.2D.Common.Runtime.csproj:
[C# Project]   005:     <CscToolPath>C:\Program Files\Unity\Hub\Editor\2020.3.29f1\Editor\Data\Tools\RoslynScripts</CscToolPath>
[C# Project]   006:     <CscToolExe>unity_csc.bat</CscToolExe>
[C# Project]   007:   </PropertyGroup>
[C# Project]   008:   <PropertyGroup>
[C# Project]   009:     <Configuration Condition=" '$(Configuration)' == '' ">Debug</Configuration>

[C# Project] New /Volumes/Macintosh HD - Data/Unity/RobotGame2D/Unity.2D.Common.Runtime.csproj:
[C# Project]   005:     <CscToolPath>/Applications/Unity/Hub/Editor/2020.3.32f1/Unity.app/Contents/Tools/RoslynScripts</CscToolPath>
[C# Project]   006:     <CscToolExe>unity_csc.sh</CscToolExe>
[C# Project]   007:   </PropertyGroup>
[C# Project]   008:   <PropertyGroup>
[C# Project]   009:     <Configuration Condition=" '$(Configuration)' == '' ">Debug</Configuration>
[C# Project] Writing /Volumes/Macintosh HD - Data/Unity/RobotGame2D/Unity.InternalAPIEngineBridge.001.csproj because it has changed
[C# Project] First difference on line 5

[C# Project] Current /Volumes/Macintosh HD - Data/Unity/RobotGame2D/Unity.InternalAPIEngineBridge.001.csproj:
[C# Project]   005:     <CscToolPath>C:\Program Files\Unity\Hub\Editor\2020.3.29f1\Editor\Data\Tools\RoslynScripts</CscToolPath>
[C# Project]   006:     <CscToolExe>unity_csc.bat</CscToolExe>
[C# Project]   007:   </PropertyGroup>
[C# Project]   008:   <PropertyGroup>
[C# Project]   009:     <Configuration Condition=" '$(Configuration)' == '' ">Debug</Configuration>

[C# Project] New /Volumes/Macintosh HD - Data/Unity/RobotGame2D/Unity.InternalAPIEngineBridge.001.csproj:
[C# Project]   005:     <CscToolPath>/Applications/Unity/Hub/Editor/2020.3.32f1/Unity.app/Contents/Tools/RoslynScripts</CscToolPath>
[C# Project]   006:     <CscToolExe>unity_csc.sh</CscToolExe>
[C# Project]   007:   </PropertyGroup>
[C# Project]   008:   <PropertyGroup>
[C# Project]   009:     <Configuration Condition=" '$(Configuration)' == '' ">Debug</Configuration>
[C# Project] Writing /Volumes/Macintosh HD - Data/Unity/RobotGame2D/UnityEditor.TestRunner.csproj because it has changed
[C# Project] First difference on line 5

[C# Project] Current /Volumes/Macintosh HD - Data/Unity/RobotGame2D/UnityEditor.TestRunner.csproj:
[C# Project]   005:     <CscToolPath>C:\Program Files\Unity\Hub\Editor\2020.3.29f1\Editor\Data\Tools\RoslynScripts</CscToolPath>
[C# Project]   006:     <CscToolExe>unity_csc.bat</CscToolExe>
[C# Project]   007:   </PropertyGroup>
[C# Project]   008:   <PropertyGroup>
[C# Project]   009:     <Configuration Condition=" '$(Configuration)' == '' ">Debug</Configuration>

[C# Project] New /Volumes/Macintosh HD - Data/Unity/RobotGame2D/UnityEditor.TestRunner.csproj:
[C# Project]   005:     <CscToolPath>/Applications/Unity/Hub/Editor/2020.3.32f1/Unity.app/Contents/Tools/RoslynScripts</CscToolPath>
[C# Project]   006:     <CscToolExe>unity_csc.sh</CscToolExe>
[C# Project]   007:   </PropertyGroup>
[C# Project]   008:   <PropertyGroup>
[C# Project]   009:     <Configuration Condition=" '$(Configuration)' == '' ">Debug</Configuration>
[C# Project] Writing /Volumes/Macintosh HD - Data/Unity/RobotGame2D/Unity.PlasticSCM.Editor.csproj because it has changed
[C# Project] First difference on line 5

[C# Project] Current /Volumes/Macintosh HD - Data/Unity/RobotGame2D/Unity.PlasticSCM.Editor.csproj:
[C# Project]   005:     <CscToolPath>C:\Program Files\Unity\Hub\Editor\2020.3.29f1\Editor\Data\Tools\RoslynScripts</CscToolPath>
[C# Project]   006:     <CscToolExe>unity_csc.bat</CscToolExe>
[C# Project]   007:   </PropertyGroup>
[C# Project]   008:   <PropertyGroup>
[C# Project]   009:     <Configuration Condition=" '$(Configuration)' == '' ">Debug</Configuration>

[C# Project] New /Volumes/Macintosh HD - Data/Unity/RobotGame2D/Unity.PlasticSCM.Editor.csproj:
[C# Project]   005:     <CscToolPath>/Applications/Unity/Hub/Editor/2020.3.32f1/Unity.app/Contents/Tools/RoslynScripts</CscToolPath>
[C# Project]   006:     <CscToolExe>unity_csc.sh</CscToolExe>
[C# Project]   007:   </PropertyGroup>
[C# Project]   008:   <PropertyGroup>
[C# Project]   009:     <Configuration Condition=" '$(Configuration)' == '' ">Debug</Configuration>
[C# Project] Writing /Volumes/Macintosh HD - Data/Unity/RobotGame2D/UnityEditor.UI.csproj because it has changed
[C# Project] First difference on line 5

[C# Project] Current /Volumes/Macintosh HD - Data/Unity/RobotGame2D/UnityEditor.UI.csproj:
[C# Project]   005:     <CscToolPath>C:\Program Files\Unity\Hub\Editor\2020.3.29f1\Editor\Data\Tools\RoslynScripts</CscToolPath>
[C# Project]   006:     <CscToolExe>unity_csc.bat</CscToolExe>
[C# Project]   007:   </PropertyGroup>
[C# Project]   008:   <PropertyGroup>
[C# Project]   009:     <Configuration Condition=" '$(Configuration)' == '' ">Debug</Configuration>

[C# Project] New /Volumes/Macintosh HD - Data/Unity/RobotGame2D/UnityEditor.UI.csproj:
[C# Project]   005:     <CscToolPath>/Applications/Unity/Hub/Editor/2020.3.32f1/Unity.app/Contents/Tools/RoslynScripts</CscToolPath>
[C# Project]   006:     <CscToolExe>unity_csc.sh</CscToolExe>
[C# Project]   007:   </PropertyGroup>
[C# Project]   008:   <PropertyGroup>
[C# Project]   009:     <Configuration Condition=" '$(Configuration)' == '' ">Debug</Configuration>
[C# Project] Writing /Volumes/Macintosh HD - Data/Unity/RobotGame2D/Unity.Services.Core.Editor.csproj because it has changed
[C# Project] First difference on line 5

[C# Project] Current /Volumes/Macintosh HD - Data/Unity/RobotGame2D/Unity.Services.Core.Editor.csproj:
[C# Project]   005:     <CscToolPath>C:\Program Files\Unity\Hub\Editor\2020.3.29f1\Editor\Data\Tools\RoslynScripts</CscToolPath>
[C# Project]   006:     <CscToolExe>unity_csc.bat</CscToolExe>
[C# Project]   007:   </PropertyGroup>
[C# Project]   008:   <PropertyGroup>
[C# Project]   009:     <Configuration Condition=" '$(Configuration)' == '' ">Debug</Configuration>

[C# Project] New /Volumes/Macintosh HD - Data/Unity/RobotGame2D/Unity.Services.Core.Editor.csproj:
[C# Project]   005:     <CscToolPath>/Applications/Unity/Hub/Editor/2020.3.32f1/Unity.app/Contents/Tools/RoslynScripts</CscToolPath>
[C# Project]   006:     <CscToolExe>unity_csc.sh</CscToolExe>
[C# Project]   007:   </PropertyGroup>
[C# Project]   008:   <PropertyGroup>
[C# Project]   009:     <Configuration Condition=" '$(Configuration)' == '' ">Debug</Configuration>
[C# Project] Writing /Volumes/Macintosh HD - Data/Unity/RobotGame2D/Unity.Timeline.Editor.csproj because it has changed
[C# Project] First difference on line 5

[C# Project] Current /Volumes/Macintosh HD - Data/Unity/RobotGame2D/Unity.Timeline.Editor.csproj:
[C# Project]   005:     <CscToolPath>C:\Program Files\Unity\Hub\Editor\2020.3.29f1\Editor\Data\Tools\RoslynScripts</CscToolPath>
[C# Project]   006:     <CscToolExe>unity_csc.bat</CscToolExe>
[C# Project]   007:   </PropertyGroup>
[C# Project]   008:   <PropertyGroup>
[C# Project]   009:     <Configuration Condition=" '$(Configuration)' == '' ">Debug</Configuration>

[C# Project] New /Volumes/Macintosh HD - Data/Unity/RobotGame2D/Unity.Timeline.Editor.csproj:
[C# Project]   005:     <CscToolPath>/Applications/Unity/Hub/Editor/2020.3.32f1/Unity.app/Contents/Tools/RoslynScripts</CscToolPath>
[C# Project]   006:     <CscToolExe>unity_csc.sh</CscToolExe>
[C# Project]   007:   </PropertyGroup>
[C# Project]   008:   <PropertyGroup>
[C# Project]   009:     <Configuration Condition=" '$(Configuration)' == '' ">Debug</Configuration>
[C# Project] Writing /Volumes/Macintosh HD - Data/Unity/RobotGame2D/Unity.VisualStudio.Editor.csproj because it has changed
[C# Project] First difference on line 5

[C# Project] Current /Volumes/Macintosh HD - Data/Unity/RobotGame2D/Unity.VisualStudio.Editor.csproj:
[C# Project]   005:     <CscToolPath>C:\Program Files\Unity\Hub\Editor\2020.3.29f1\Editor\Data\Tools\RoslynScripts</CscToolPath>
[C# Project]   006:     <CscToolExe>unity_csc.bat</CscToolExe>
[C# Project]   007:   </PropertyGroup>
[C# Project]   008:   <PropertyGroup>
[C# Project]   009:     <Configuration Condition=" '$(Configuration)' == '' ">Debug</Configuration>

[C# Project] New /Volumes/Macintosh HD - Data/Unity/RobotGame2D/Unity.VisualStudio.Editor.csproj:
[C# Project]   005:     <CscToolPath>/Applications/Unity/Hub/Editor/2020.3.32f1/Unity.app/Contents/Tools/RoslynScripts</CscToolPath>
[C# Project]   006:     <CscToolExe>unity_csc.sh</CscToolExe>
[C# Project]   007:   </PropertyGroup>
[C# Project]   008:   <PropertyGroup>
[C# Project]   009:     <Configuration Condition=" '$(Configuration)' == '' ">Debug</Configuration>
[C# Project] Writing /Volumes/Macintosh HD - Data/Unity/RobotGame2D/Unity.2D.Psdimporter.Editor.csproj because it has changed
[C# Project] First difference on line 5

[C# Project] Current /Volumes/Macintosh HD - Data/Unity/RobotGame2D/Unity.2D.Psdimporter.Editor.csproj:
[C# Project]   005:     <CscToolPath>C:\Program Files\Unity\Hub\Editor\2020.3.29f1\Editor\Data\Tools\RoslynScripts</CscToolPath>
[C# Project]   006:     <CscToolExe>unity_csc.bat</CscToolExe>
[C# Project]   007:   </PropertyGroup>
[C# Project]   008:   <PropertyGroup>
[C# Project]   009:     <Configuration Condition=" '$(Configuration)' == '' ">Debug</Configuration>

[C# Project] New /Volumes/Macintosh HD - Data/Unity/RobotGame2D/Unity.2D.Psdimporter.Editor.csproj:
[C# Project]   005:     <CscToolPath>/Applications/Unity/Hub/Editor/2020.3.32f1/Unity.app/Contents/Tools/RoslynScripts</CscToolPath>
[C# Project]   006:     <CscToolExe>unity_csc.sh</CscToolExe>
[C# Project]   007:   </PropertyGroup>
[C# Project]   008:   <PropertyGroup>
[C# Project]   009:     <Configuration Condition=" '$(Configuration)' == '' ">Debug</Configuration>
[C# Project] Writing /Volumes/Macintosh HD - Data/Unity/RobotGame2D/Unity.2D.Animation.Editor.csproj because it has changed
[C# Project] First difference on line 5

[C# Project] Current /Volumes/Macintosh HD - Data/Unity/RobotGame2D/Unity.2D.Animation.Editor.csproj:
[C# Project]   005:     <CscToolPath>C:\Program Files\Unity\Hub\Editor\2020.3.29f1\Editor\Data\Tools\RoslynScripts</CscToolPath>
[C# Project]   006:     <CscToolExe>unity_csc.bat</CscToolExe>
[C# Project]   007:   </PropertyGroup>
[C# Project]   008:   <PropertyGroup>
[C# Project]   009:     <Configuration Condition=" '$(Configuration)' == '' ">Debug</Configuration>

[C# Project] New /Volumes/Macintosh HD - Data/Unity/RobotGame2D/Unity.2D.Animation.Editor.csproj:
[C# Project]   005:     <CscToolPath>/Applications/Unity/Hub/Editor/2020.3.32f1/Unity.app/Contents/Tools/RoslynScripts</CscToolPath>
[C# Project]   006:     <CscToolExe>unity_csc.sh</CscToolExe>
[C# Project]   007:   </PropertyGroup>
[C# Project]   008:   <PropertyGroup>
[C# Project]   009:     <Configuration Condition=" '$(Configuration)' == '' ">Debug</Configuration>
[C# Project] Writing /Volumes/Macintosh HD - Data/Unity/RobotGame2D/Unity.TextMeshPro.Editor.csproj because it has changed
[C# Project] First difference on line 5

[C# Project] Current /Volumes/Macintosh HD - Data/Unity/RobotGame2D/Unity.TextMeshPro.Editor.csproj:
[C# Project]   005:     <CscToolPath>C:\Program Files\Unity\Hub\Editor\2020.3.29f1\Editor\Data\Tools\RoslynScripts</CscToolPath>
[C# Project]   006:     <CscToolExe>unity_csc.bat</CscToolExe>
[C# Project]   007:   </PropertyGroup>
[C# Project]   008:   <PropertyGroup>
[C# Project]   009:     <Configuration Condition=" '$(Configuration)' == '' ">Debug</Configuration>

[C# Project] New /Volumes/Macintosh HD - Data/Unity/RobotGame2D/Unity.TextMeshPro.Editor.csproj:
[C# Project]   005:     <CscToolPath>/Applications/Unity/Hub/Editor/2020.3.32f1/Unity.app/Contents/Tools/RoslynScripts</CscToolPath>
[C# Project]   006:     <CscToolExe>unity_csc.sh</CscToolExe>
[C# Project]   007:   </PropertyGroup>
[C# Project]   008:   <PropertyGroup>
[C# Project]   009:     <Configuration Condition=" '$(Configuration)' == '' ">Debug</Configuration>
[C# Project] Writing /Volumes/Macintosh HD - Data/Unity/RobotGame2D/Unity.2D.SpriteShape.Editor.csproj because it has changed
[C# Project] First difference on line 5

[C# Project] Current /Volumes/Macintosh HD - Data/Unity/RobotGame2D/Unity.2D.SpriteShape.Editor.csproj:
[C# Project]   005:     <CscToolPath>C:\Program Files\Unity\Hub\Editor\2020.3.29f1\Editor\Data\Tools\RoslynScripts</CscToolPath>
[C# Project]   006:     <CscToolExe>unity_csc.bat</CscToolExe>
[C# Project]   007:   </PropertyGroup>
[C# Project]   008:   <PropertyGroup>
[C# Project]   009:     <Configuration Condition=" '$(Configuration)' == '' ">Debug</Configuration>

[C# Project] New /Volumes/Macintosh HD - Data/Unity/RobotGame2D/Unity.2D.SpriteShape.Editor.csproj:
[C# Project]   005:     <CscToolPath>/Applications/Unity/Hub/Editor/2020.3.32f1/Unity.app/Contents/Tools/RoslynScripts</CscToolPath>
[C# Project]   006:     <CscToolExe>unity_csc.sh</CscToolExe>
[C# Project]   007:   </PropertyGroup>
[C# Project]   008:   <PropertyGroup>
[C# Project]   009:     <Configuration Condition=" '$(Configuration)' == '' ">Debug</Configuration>
[C# Project] Writing /Volumes/Macintosh HD - Data/Unity/RobotGame2D/Unity.CollabProxy.Editor.csproj because it has changed
[C# Project] First difference on line 5

[C# Project] Current /Volumes/Macintosh HD - Data/Unity/RobotGame2D/Unity.CollabProxy.Editor.csproj:
[C# Project]   005:     <CscToolPath>C:\Program Files\Unity\Hub\Editor\2020.3.29f1\Editor\Data\Tools\RoslynScripts</CscToolPath>
[C# Project]   006:     <CscToolExe>unity_csc.bat</CscToolExe>
[C# Project]   007:   </PropertyGroup>
[C# Project]   008:   <PropertyGroup>
[C# Project]   009:     <Configuration Condition=" '$(Configuration)' == '' ">Debug</Configuration>

[C# Project] New /Volumes/Macintosh HD - Data/Unity/RobotGame2D/Unity.CollabProxy.Editor.csproj:
[C# Project]   005:     <CscToolPath>/Applications/Unity/Hub/Editor/2020.3.32f1/Unity.app/Contents/Tools/RoslynScripts</CscToolPath>
[C# Project]   006:     <CscToolExe>unity_csc.sh</CscToolExe>
[C# Project]   007:   </PropertyGroup>
[C# Project]   008:   <PropertyGroup>
[C# Project]   009:     <Configuration Condition=" '$(Configuration)' == '' ">Debug</Configuration>
[C# Project] Writing /Volumes/Macintosh HD - Data/Unity/RobotGame2D/PsdPlugin.csproj because it has changed
[C# Project] First difference on line 5

[C# Project] Current /Volumes/Macintosh HD - Data/Unity/RobotGame2D/PsdPlugin.csproj:
[C# Project]   005:     <CscToolPath>C:\Program Files\Unity\Hub\Editor\2020.3.29f1\Editor\Data\Tools\RoslynScripts</CscToolPath>
[C# Project]   006:     <CscToolExe>unity_csc.bat</CscToolExe>
[C# Project]   007:   </PropertyGroup>
[C# Project]   008:   <PropertyGroup>
[C# Project]   009:     <Configuration Condition=" '$(Configuration)' == '' ">Debug</Configuration>

[C# Project] New /Volumes/Macintosh HD - Data/Unity/RobotGame2D/PsdPlugin.csproj:
[C# Project]   005:     <CscToolPath>/Applications/Unity/Hub/Editor/2020.3.32f1/Unity.app/Contents/Tools/RoslynScripts</CscToolPath>
[C# Project]   006:     <CscToolExe>unity_csc.sh</CscToolExe>
[C# Project]   007:   </PropertyGroup>
[C# Project]   008:   <PropertyGroup>
[C# Project]   009:     <Configuration Condition=" '$(Configuration)' == '' ">Debug</Configuration>
[C# Project] Writing /Volumes/Macintosh HD - Data/Unity/RobotGame2D/Unity.2D.Path.Editor.csproj because it has changed
[C# Project] First difference on line 5

[C# Project] Current /Volumes/Macintosh HD - Data/Unity/RobotGame2D/Unity.2D.Path.Editor.csproj:
[C# Project]   005:     <CscToolPath>C:\Program Files\Unity\Hub\Editor\2020.3.29f1\Editor\Data\Tools\RoslynScripts</CscToolPath>
[C# Project]   006:     <CscToolExe>unity_csc.bat</CscToolExe>
[C# Project]   007:   </PropertyGroup>
[C# Project]   008:   <PropertyGroup>
[C# Project]   009:     <Configuration Condition=" '$(Configuration)' == '' ">Debug</Configuration>

[C# Project] New /Volumes/Macintosh HD - Data/Unity/RobotGame2D/Unity.2D.Path.Editor.csproj:
[C# Project]   005:     <CscToolPath>/Applications/Unity/Hub/Editor/2020.3.32f1/Unity.app/Contents/Tools/RoslynScripts</CscToolPath>
[C# Project]   006:     <CscToolExe>unity_csc.sh</CscToolExe>
[C# Project]   007:   </PropertyGroup>
[C# Project]   008:   <PropertyGroup>
[C# Project]   009:     <Configuration Condition=" '$(Configuration)' == '' ">Debug</Configuration>
[C# Project] Writing /Volumes/Macintosh HD - Data/Unity/RobotGame2D/Unity.Rider.Editor.csproj because it has changed
[C# Project] First difference on line 5

[C# Project] Current /Volumes/Macintosh HD - Data/Unity/RobotGame2D/Unity.Rider.Editor.csproj:
[C# Project]   005:     <CscToolPath>C:\Program Files\Unity\Hub\Editor\2020.3.29f1\Editor\Data\Tools\RoslynScripts</CscToolPath>
[C# Project]   006:     <CscToolExe>unity_csc.bat</CscToolExe>
[C# Project]   007:   </PropertyGroup>
[C# Project]   008:   <PropertyGroup>
[C# Project]   009:     <Configuration Condition=" '$(Configuration)' == '' ">Debug</Configuration>

[C# Project] New /Volumes/Macintosh HD - Data/Unity/RobotGame2D/Unity.Rider.Editor.csproj:
[C# Project]   005:     <CscToolPath>/Applications/Unity/Hub/Editor/2020.3.32f1/Unity.app/Contents/Tools/RoslynScripts</CscToolPath>
[C# Project]   006:     <CscToolExe>unity_csc.sh</CscToolExe>
[C# Project]   007:   </PropertyGroup>
[C# Project]   008:   <PropertyGroup>
[C# Project]   009:     <Configuration Condition=" '$(Configuration)' == '' ">Debug</Configuration>
[C# Project] Writing /Volumes/Macintosh HD - Data/Unity/RobotGame2D/Unity.2D.IK.Editor.csproj because it has changed
[C# Project] First difference on line 5

[C# Project] Current /Volumes/Macintosh HD - Data/Unity/RobotGame2D/Unity.2D.IK.Editor.csproj:
[C# Project]   005:     <CscToolPath>C:\Program Files\Unity\Hub\Editor\2020.3.29f1\Editor\Data\Tools\RoslynScripts</CscToolPath>
[C# Project]   006:     <CscToolExe>unity_csc.bat</CscToolExe>
[C# Project]   007:   </PropertyGroup>
[C# Project]   008:   <PropertyGroup>
[C# Project]   009:     <Configuration Condition=" '$(Configuration)' == '' ">Debug</Configuration>

[C# Project] New /Volumes/Macintosh HD - Data/Unity/RobotGame2D/Unity.2D.IK.Editor.csproj:
[C# Project]   005:     <CscToolPath>/Applications/Unity/Hub/Editor/2020.3.32f1/Unity.app/Contents/Tools/RoslynScripts</CscToolPath>
[C# Project]   006:     <CscToolExe>unity_csc.sh</CscToolExe>
[C# Project]   007:   </PropertyGroup>
[C# Project]   008:   <PropertyGroup>
[C# Project]   009:     <Configuration Condition=" '$(Configuration)' == '' ">Debug</Configuration>
[C# Project] Writing /Volumes/Macintosh HD - Data/Unity/RobotGame2D/Unity.2D.Sprite.Editor.csproj because it has changed
[C# Project] First difference on line 5

[C# Project] Current /Volumes/Macintosh HD - Data/Unity/RobotGame2D/Unity.2D.Sprite.Editor.csproj:
[C# Project]   005:     <CscToolPath>C:\Program Files\Unity\Hub\Editor\2020.3.29f1\Editor\Data\Tools\RoslynScripts</CscToolPath>
[C# Project]   006:     <CscToolExe>unity_csc.bat</CscToolExe>
[C# Project]   007:   </PropertyGroup>
[C# Project]   008:   <PropertyGroup>
[C# Project]   009:     <Configuration Condition=" '$(Configuration)' == '' ">Debug</Configuration>

[C# Project] New /Volumes/Macintosh HD - Data/Unity/RobotGame2D/Unity.2D.Sprite.Editor.csproj:
[C# Project]   005:     <CscToolPath>/Applications/Unity/Hub/Editor/2020.3.32f1/Unity.app/Contents/Tools/RoslynScripts</CscToolPath>
[C# Project]   006:     <CscToolExe>unity_csc.sh</CscToolExe>
[C# Project]   007:   </PropertyGroup>
[C# Project]   008:   <PropertyGroup>
[C# Project]   009:     <Configuration Condition=" '$(Configuration)' == '' ">Debug</Configuration>
[C# Project] Writing /Volumes/Macintosh HD - Data/Unity/RobotGame2D/Unity.2D.Tilemap.Editor.csproj because it has changed
[C# Project] First difference on line 5

[C# Project] Current /Volumes/Macintosh HD - Data/Unity/RobotGame2D/Unity.2D.Tilemap.Editor.csproj:
[C# Project]   005:     <CscToolPath>C:\Program Files\Unity\Hub\Editor\2020.3.29f1\Editor\Data\Tools\RoslynScripts</CscToolPath>
[C# Project]   006:     <CscToolExe>unity_csc.bat</CscToolExe>
[C# Project]   007:   </PropertyGroup>
[C# Project]   008:   <PropertyGroup>
[C# Project]   009:     <Configuration Condition=" '$(Configuration)' == '' ">Debug</Configuration>

[C# Project] New /Volumes/Macintosh HD - Data/Unity/RobotGame2D/Unity.2D.Tilemap.Editor.csproj:
[C# Project]   005:     <CscToolPath>/Applications/Unity/Hub/Editor/2020.3.32f1/Unity.app/Contents/Tools/RoslynScripts</CscToolPath>
[C# Project]   006:     <CscToolExe>unity_csc.sh</CscToolExe>
[C# Project]   007:   </PropertyGroup>
[C# Project]   008:   <PropertyGroup>
[C# Project]   009:     <Configuration Condition=" '$(Configuration)' == '' ">Debug</Configuration>
[C# Project] Writing /Volumes/Macintosh HD - Data/Unity/RobotGame2D/Unity.2D.PixelPerfect.Editor.csproj because it has changed
[C# Project] First difference on line 5

[C# Project] Current /Volumes/Macintosh HD - Data/Unity/RobotGame2D/Unity.2D.PixelPerfect.Editor.csproj:
[C# Project]   005:     <CscToolPath>C:\Program Files\Unity\Hub\Editor\2020.3.29f1\Editor\Data\Tools\RoslynScripts</CscToolPath>
[C# Project]   006:     <CscToolExe>unity_csc.bat</CscToolExe>
[C# Project]   007:   </PropertyGroup>
[C# Project]   008:   <PropertyGroup>
[C# Project]   009:     <Configuration Condition=" '$(Configuration)' == '' ">Debug</Configuration>

[C# Project] New /Volumes/Macintosh HD - Data/Unity/RobotGame2D/Unity.2D.PixelPerfect.Editor.csproj:
[C# Project]   005:     <CscToolPath>/Applications/Unity/Hub/Editor/2020.3.32f1/Unity.app/Contents/Tools/RoslynScripts</CscToolPath>
[C# Project]   006:     <CscToolExe>unity_csc.sh</CscToolExe>
[C# Project]   007:   </PropertyGroup>
[C# Project]   008:   <PropertyGroup>
[C# Project]   009:     <Configuration Condition=" '$(Configuration)' == '' ">Debug</Configuration>
[C# Project] Writing /Volumes/Macintosh HD - Data/Unity/RobotGame2D/Unity.VSCode.Editor.csproj because it has changed
[C# Project] First difference on line 5

[C# Project] Current /Volumes/Macintosh HD - Data/Unity/RobotGame2D/Unity.VSCode.Editor.csproj:
[C# Project]   005:     <CscToolPath>C:\Program Files\Unity\Hub\Editor\2020.3.29f1\Editor\Data\Tools\RoslynScripts</CscToolPath>
[C# Project]   006:     <CscToolExe>unity_csc.bat</CscToolExe>
[C# Project]   007:   </PropertyGroup>
[C# Project]   008:   <PropertyGroup>
[C# Project]   009:     <Configuration Condition=" '$(Configuration)' == '' ">Debug</Configuration>

[C# Project] New /Volumes/Macintosh HD - Data/Unity/RobotGame2D/Unity.VSCode.Editor.csproj:
[C# Project]   005:     <CscToolPath>/Applications/Unity/Hub/Editor/2020.3.32f1/Unity.app/Contents/Tools/RoslynScripts</CscToolPath>
[C# Project]   006:     <CscToolExe>unity_csc.sh</CscToolExe>
[C# Project]   007:   </PropertyGroup>
[C# Project]   008:   <PropertyGroup>
[C# Project]   009:     <Configuration Condition=" '$(Configuration)' == '' ">Debug</Configuration>
[C# Project] Writing /Volumes/Macintosh HD - Data/Unity/RobotGame2D/Unity.2D.Common.Editor.csproj because it has changed
[C# Project] First difference on line 5

[C# Project] Current /Volumes/Macintosh HD - Data/Unity/RobotGame2D/Unity.2D.Common.Editor.csproj:
[C# Project]   005:     <CscToolPath>C:\Program Files\Unity\Hub\Editor\2020.3.29f1\Editor\Data\Tools\RoslynScripts</CscToolPath>
[C# Project]   006:     <CscToolExe>unity_csc.bat</CscToolExe>
[C# Project]   007:   </PropertyGroup>
[C# Project]   008:   <PropertyGroup>
[C# Project]   009:     <Configuration Condition=" '$(Configuration)' == '' ">Debug</Configuration>

[C# Project] New /Volumes/Macintosh HD - Data/Unity/RobotGame2D/Unity.2D.Common.Editor.csproj:
[C# Project]   005:     <CscToolPath>/Applications/Unity/Hub/Editor/2020.3.32f1/Unity.app/Contents/Tools/RoslynScripts</CscToolPath>
[C# Project]   006:     <CscToolExe>unity_csc.sh</CscToolExe>
[C# Project]   007:   </PropertyGroup>
[C# Project]   008:   <PropertyGroup>
[C# Project]   009:     <Configuration Condition=" '$(Configuration)' == '' ">Debug</Configuration>
[C# Project] Writing /Volumes/Macintosh HD - Data/Unity/RobotGame2D/Unity.Mathematics.Editor.csproj because it has changed
[C# Project] First difference on line 5

[C# Project] Current /Volumes/Macintosh HD - Data/Unity/RobotGame2D/Unity.Mathematics.Editor.csproj:
[C# Project]   005:     <CscToolPath>C:\Program Files\Unity\Hub\Editor\2020.3.29f1\Editor\Data\Tools\RoslynScripts</CscToolPath>
[C# Project]   006:     <CscToolExe>unity_csc.bat</CscToolExe>
[C# Project]   007:   </PropertyGroup>
[C# Project]   008:   <PropertyGroup>
[C# Project]   009:     <Configuration Condition=" '$(Configuration)' == '' ">Debug</Configuration>

[C# Project] New /Volumes/Macintosh HD - Data/Unity/RobotGame2D/Unity.Mathematics.Editor.csproj:
[C# Project]   005:     <CscToolPath>/Applications/Unity/Hub/Editor/2020.3.32f1/Unity.app/Contents/Tools/RoslynScripts</CscToolPath>
[C# Project]   006:     <CscToolExe>unity_csc.sh</CscToolExe>
[C# Project]   007:   </PropertyGroup>
[C# Project]   008:   <PropertyGroup>
[C# Project]   009:     <Configuration Condition=" '$(Configuration)' == '' ">Debug</Configuration>
[C# Project] Writing /Volumes/Macintosh HD - Data/Unity/RobotGame2D/Unity.InternalAPIEditorBridge.001.csproj because it has changed
[C# Project] First difference on line 5

[C# Project] Current /Volumes/Macintosh HD - Data/Unity/RobotGame2D/Unity.InternalAPIEditorBridge.001.csproj:
[C# Project]   005:     <CscToolPath>C:\Program Files\Unity\Hub\Editor\2020.3.29f1\Editor\Data\Tools\RoslynScripts</CscToolPath>
[C# Project]   006:     <CscToolExe>unity_csc.bat</CscToolExe>
[C# Project]   007:   </PropertyGroup>
[C# Project]   008:   <PropertyGroup>
[C# Project]   009:     <Configuration Condition=" '$(Configuration)' == '' ">Debug</Configuration>

[C# Project] New /Volumes/Macintosh HD - Data/Unity/RobotGame2D/Unity.InternalAPIEditorBridge.001.csproj:
[C# Project]   005:     <CscToolPath>/Applications/Unity/Hub/Editor/2020.3.32f1/Unity.app/Contents/Tools/RoslynScripts</CscToolPath>
[C# Project]   006:     <CscToolExe>unity_csc.sh</CscToolExe>
[C# Project]   007:   </PropertyGroup>
[C# Project]   008:   <PropertyGroup>
[C# Project]   009:     <Configuration Condition=" '$(Configuration)' == '' ">Debug</Configuration>
2022-05-04 10:42:00.280 Unity[2055:23896] NSEventModifierFlagFunction specified to -setKeyEquivalentModifierMask: for item <NSMenuItem: 0x600003b61ce0 Font Asset, ke='Command-F12'>, but is only supported for system-provided menu items; will not be used
2022-05-04 10:42:00.286 Unity[2055:23896] NSEventModifierFlagFunction specified to -setKeyEquivalentModifierMask: for item <NSMenuItem: 0x600003b15880 Font Asset, ke='Command-F12'>, but is only supported for system-provided menu items; will not be used
========================================================================
Worker process is ready to serve import requests
Refreshing native plugins compatible for Editor in 1.00 ms, found 3 plugins.
Preloading 0 native plugins for Editor in 0.00 ms.
Unloading 2228 Unused Serialized files (Serialized files now loaded: 0)
System memory in use before: 215.8 MB.
System memory in use after: 214.9 MB.

Unloading 116 unused Assets to reduce memory usage. Loaded Objects now: 2699.
Total: 5.025560 ms (FindLiveObjects: 0.254503 ms CreateObjectMapping: 0.193533 ms MarkObjects: 3.844024 ms  DeleteObjects: 0.732229 ms)

AssetImportParameters requested are different than current active one (requested -> active):
  custom:video-decoder-ogg-theora: a1e56fd34408186e4bbccfd4996cb3dc -> 
  custom:container-muxer-webm: aa71ff27fc2769a1b78a27578f13a17b -> 
  custom:container-demuxer-webm: 4f35f7cbe854078d1ac9338744f61a02 -> 
  custom:container-demuxer-ogg: 62fdf1f143b41e24485cea50d1cbac27 -> 
  custom:video-encoder-webm-vp8: eb34c28f22e8b96e1ab97ce403110664 -> 
  custom:framework-osx-AVFoundation: e770b220cccbd017edd2c1fefb359320 -> 
  custom:video-decoder-webm-vp8: 9c59270c3fd7afecdb556c50c9e8de78 -> 
  custom:audio-decoder-ogg-vorbis: bf7c407c2cedff20999df2af8eb42d56 -> 
  custom:audio-encoder-webm-vorbis: bf7c407c2cedff20999df2af8eb42d56 -> 
========================================================================
Received Import Request.
  path: Assets/Sprites/Tiles/Map.prefab
  artifactKey: Guid(90e90b0842aa9124496fe843568ba786) Importer(815301076,1909f56bfc062723c751e8b465ee728b)
Start importing Assets/Sprites/Tiles/Map.prefab using Guid(90e90b0842aa9124496fe843568ba786) Importer(815301076,1909f56bfc062723c751e8b465ee728b)  -> (artifact id: 'c5e41ea9aafd29e703385eba0f04f78a') in 0.448369 seconds 
========================================================================
Received Import Request.
  Time since last request: 0.000287 seconds.
  path: Assets/Sprites/Tiles/Saw.asset
  artifactKey: Guid(9b399ffc4da232d4dbffe2dc3ed43a66) Importer(815301076,1909f56bfc062723c751e8b465ee728b)
Start importing Assets/Sprites/Tiles/Saw.asset using Guid(9b399ffc4da232d4dbffe2dc3ed43a66) Importer(815301076,1909f56bfc062723c751e8b465ee728b)  -> (artifact id: 'fffc2b735489efe9aa73e5a424ca755c') in 0.381009 seconds 
========================================================================
Received Import Request.
  Time since last request: 0.000252 seconds.
  path: Assets/Sprites/Tiles
  artifactKey: Guid(22b38ba2ba9317a479b7dfa9fdc178a6) Importer(815301076,1909f56bfc062723c751e8b465ee728b)
Start importing Assets/Sprites/Tiles using Guid(22b38ba2ba9317a479b7dfa9fdc178a6) Importer(815301076,1909f56bfc062723c751e8b465ee728b)  -> (artifact id: 'fccb3143da9265c081bfac13bfc4318f') in 0.000768 seconds 
========================================================================
Received Import Request.
  Time since last request: 38.439616 seconds.
  path: Assets/Scenes/Level 1.unity
  artifactKey: Guid(05d2273f17a86f94c9d155f1d59a65d2) Importer(815301076,1909f56bfc062723c751e8b465ee728b)
Start importing Assets/Scenes/Level 1.unity using Guid(05d2273f17a86f94c9d155f1d59a65d2) Importer(815301076,1909f56bfc062723c751e8b465ee728b)  -> (artifact id: 'a5662e03e4731fc15a818622d3e42023') in 0.002773 seconds 
========================================================================
Received Import Request.
  Time since last request: 242.809712 seconds.
  path: Assets/Scenes/SampleScene.unity
  artifactKey: Guid(2cda990e2423bbf4892e6590ba056729) Importer(815301076,1909f56bfc062723c751e8b465ee728b)
Start importing Assets/Scenes/SampleScene.unity using Guid(2cda990e2423bbf4892e6590ba056729) Importer(815301076,1909f56bfc062723c751e8b465ee728b)  -> (artifact id: 'b10007eeadd6389ae203c923123a3c3f') in 0.002928 seconds 
========================================================================
Received Import Request.
  Time since last request: 186.311078 seconds.
  path: Assets/TextMesh Pro/Fonts/LiberationSans.ttf
  artifactKey: Guid(e3265ab4bf004d28a9537516768c1c75) Importer(815301076,1909f56bfc062723c751e8b465ee728b)
Start importing Assets/TextMesh Pro/Fonts/LiberationSans.ttf using Guid(e3265ab4bf004d28a9537516768c1c75) Importer(815301076,1909f56bfc062723c751e8b465ee728b)  -> (artifact id: '246556da8ee308a88cd64dac11bb5e10') in 2.444859 seconds 
========================================================================
Received Import Request.
  Time since last request: 4544.018669 seconds.
  path: Assets/Fonts 1/LuckiestGuy/LuckiestGuy.ttf
  artifactKey: Guid(34e3856b654f2c0478973ca54a2a4fde) Importer(815301076,1909f56bfc062723c751e8b465ee728b)
Start importing Assets/Fonts 1/LuckiestGuy/LuckiestGuy.ttf using Guid(34e3856b654f2c0478973ca54a2a4fde) Importer(815301076,1909f56bfc062723c751e8b465ee728b)  -> (artifact id: 'b5bd341759a63102693daccc7d6b43e6') in 0.043999 seconds 
========================================================================
Received Import Request.
  Time since last request: 2.333775 seconds.
  path: Assets/Fonts 1/PressStart2P-Regular/PressStart2P-Regular.ttf
  artifactKey: Guid(3d5fcc5a3e5657d44b8b00742035b347) Importer(815301076,1909f56bfc062723c751e8b465ee728b)
Start importing Assets/Fonts 1/PressStart2P-Regular/PressStart2P-Regular.ttf using Guid(3d5fcc5a3e5657d44b8b00742035b347) Importer(815301076,1909f56bfc062723c751e8b465ee728b)  -> (artifact id: '86308f3423594098ca50a381b87356d7') in 0.021594 seconds 
========================================================================
Received Import Request.
  Time since last request: 3263.965508 seconds.
  path: Assets/Sprites/controller-overlays-button-kits-3-styles-x7-controllers-keyboard-72273-027-scaled.jpeg
  artifactKey: Guid(0ace32ab7d32147f48c9f88b4cbce484) Importer(815301076,1909f56bfc062723c751e8b465ee728b)
Start importing Assets/Sprites/controller-overlays-button-kits-3-styles-x7-controllers-keyboard-72273-027-scaled.jpeg using Guid(0ace32ab7d32147f48c9f88b4cbce484) Importer(815301076,1909f56bfc062723c751e8b465ee728b)  -> (artifact id: 'e053d5311046af3e785aa1b8a5f5ecc2') in 1.089629 seconds 
========================================================================
Received Import Request.
  Time since last request: 29.577398 seconds.
  path: Assets/Sprites/controller-overlays-button-kits-3-styles-x7-controllers-keyboard-72273-027-scaled.jpeg
  artifactKey: Guid(0ace32ab7d32147f48c9f88b4cbce484) Importer(815301076,1909f56bfc062723c751e8b465ee728b)
Start importing Assets/Sprites/controller-overlays-button-kits-3-styles-x7-controllers-keyboard-72273-027-scaled.jpeg using Guid(0ace32ab7d32147f48c9f88b4cbce484) Importer(815301076,1909f56bfc062723c751e8b465ee728b)  -> (artifact id: 'ca5815156526a72f2436be333bd4b24d') in 0.033096 seconds 
========================================================================
Received Import Request.
  Time since last request: 124.411954 seconds.
  path: Assets/Sprites/controller-overlays-button-kits-3-styles-x7-controllers-keyboard-72273-027-scaled.jpeg
  artifactKey: Guid(0ace32ab7d32147f48c9f88b4cbce484) Importer(815301076,1909f56bfc062723c751e8b465ee728b)
Start importing Assets/Sprites/controller-overlays-button-kits-3-styles-x7-controllers-keyboard-72273-027-scaled.jpeg using Guid(0ace32ab7d32147f48c9f88b4cbce484) Importer(815301076,1909f56bfc062723c751e8b465ee728b)  -> (artifact id: '93d2fe8c12c8cce053ca75ffd82c75fe') in 0.046560 seconds 
========================================================================
Received Import Request.
  Time since last request: 164.560583 seconds.
  path: Assets/Sprites/controller-overlays-button-kits-3-styles-x7-controllers-keyboard-72273-027-scaled.jpeg
  artifactKey: Guid(0ace32ab7d32147f48c9f88b4cbce484) Importer(815301076,1909f56bfc062723c751e8b465ee728b)
Start importing Assets/Sprites/controller-overlays-button-kits-3-styles-x7-controllers-keyboard-72273-027-scaled.jpeg using Guid(0ace32ab7d32147f48c9f88b4cbce484) Importer(815301076,1909f56bfc062723c751e8b465ee728b)  -> (artifact id: 'e1b5c8a5eb3f96487a46fc59f00262b3') in 0.026344 seconds 
========================================================================
Received Import Request.
  Time since last request: 17.971906 seconds.
  path: Assets/Sprites/Tiles/Map.prefab
  artifactKey: Guid(90e90b0842aa9124496fe843568ba786) Importer(815301076,1909f56bfc062723c751e8b465ee728b)
Start importing Assets/Sprites/Tiles/Map.prefab using Guid(90e90b0842aa9124496fe843568ba786) Importer(815301076,1909f56bfc062723c751e8b465ee728b)  -> (artifact id: 'a426af4c9541f35c23a9b792873a14e7') in 0.128234 seconds 
========================================================================
Received Import Request.
  Time since last request: 379.593651 seconds.
  path: Packages/com.unity.2d.pixel-perfect/package.json
  artifactKey: Guid(b1c570008ebc15d4183516ca5722a39e) Importer(815301076,1909f56bfc062723c751e8b465ee728b)
Start importing Packages/com.unity.2d.pixel-perfect/package.json using Guid(b1c570008ebc15d4183516ca5722a39e) Importer(815301076,1909f56bfc062723c751e8b465ee728b)  -> (artifact id: '00989447aebaa7f8a44a908d1cabf462') in 1.386199 seconds 
========================================================================
Received Import Request.
  Time since last request: 6.066321 seconds.
  path: Assets/Scenes/SampleScene.unity
  artifactKey: Guid(2cda990e2423bbf4892e6590ba056729) Importer(815301076,1909f56bfc062723c751e8b465ee728b)
Start importing Assets/Scenes/SampleScene.unity using Guid(2cda990e2423bbf4892e6590ba056729) Importer(815301076,1909f56bfc062723c751e8b465ee728b)  -> (artifact id: 'e509bc4164fadc7209b7789cc56e99e6') in 0.002419 seconds 
